[debug] [2021-05-09T17:30:37.044Z] ----------------------------------------------------------------------
[debug] [2021-05-09T17:30:37.048Z] Command:       C:\Program Files\nodejs\node.exe C:\Users\DELL\AppData\Roaming\npm\node_modules\firebase-tools\lib\bin\firebase.js init
[debug] [2021-05-09T17:30:37.049Z] CLI Version:   9.10.0
[debug] [2021-05-09T17:30:37.049Z] Platform:      win32
[debug] [2021-05-09T17:30:37.049Z] Node Version:  v12.4.0
[debug] [2021-05-09T17:30:37.050Z] Time:          Sun May 09 2021 23:00:37 GMT+0530 (India Standard Time)
[debug] [2021-05-09T17:30:37.051Z] ----------------------------------------------------------------------
[debug] 
[debug] [2021-05-09T17:30:37.064Z] > command requires scopes: ["email","openid","https://www.googleapis.com/auth/cloudplatformprojects.readonly","https://www.googleapis.com/auth/firebase","https://www.googleapis.com/auth/cloud-platform"]
[debug] [2021-05-09T17:30:37.065Z] > authorizing via signed-in user (shipraguptamg@gmail.com)
[info] 
     ######## #### ########  ######## ########     ###     ######  ########
     ##        ##  ##     ## ##       ##     ##  ##   ##  ##       ##
     ######    ##  ########  ######   ########  #########  ######  ######
     ##        ##  ##    ##  ##       ##     ## ##     ##       ## ##
     ##       #### ##     ## ######## ########  ##     ##  ######  ########

You're about to initialize a Firebase project in this directory:

  D:\desktop_d\mern\instagram_clone

[info] 
=== Project Setup
[info] 
[info] First, let's associate this project directory with a Firebase project.
[info] You can create multiple project aliases by running firebase use --add, 
[info] but for now we'll just set up a default project.
[info] 
[debug] [2021-05-09T17:31:10.672Z] >>> [apiv2][query] GET https://firebase.googleapis.com/v1beta1/projects pageSize=100
[debug] [2021-05-09T17:31:11.648Z] <<< [apiv2][status] GET https://firebase.googleapis.com/v1beta1/projects 200
[debug] [2021-05-09T17:31:11.649Z] <<< [apiv2][body] GET https://firebase.googleapis.com/v1beta1/projects [omitted]
[info] i  Using project instagram-cdeaa (instagram) 
[info] 
=== Hosting Setup
[info] 
[info] Your public directory is the folder (relative to your project directory) that
[info] will contain Hosting assets to be uploaded with firebase deploy. If you
[info] have a build process for your assets, use your build's output directory.
[info] 
[debug] [2021-05-09T17:33:30.911Z] >>> [apiv2][query] GET https://www.gstatic.com/firebasejs/releases.json [none]
[debug] [2021-05-09T17:33:31.411Z] <<< [apiv2][status] GET https://www.gstatic.com/firebasejs/releases.json 200
[debug] [2021-05-09T17:33:31.412Z] <<< [apiv2][body] GET https://www.gstatic.com/firebasejs/releases.json {"current":{"version":"8.5.0","browserURL":"https://www.gstatic.com/firebasejs/8.5.0/firebase.js","packageURL":"https://www.gstatic.com/firebasejs/8.5.0/firebase.tgz"},"live":{"version":"8.5","browserURL":"https://www.gstatic.com/firebasejs/live/8.5/firebase.js","packageURL":"https://www.gstatic.com/firebasejs/live/8.5/firebase.tgz"},"components":{"analytics":"https://www.gstatic.com/firebasejs/8.5.0/firebase-analytics.js","app":"https://www.gstatic.com/firebasejs/8.5.0/firebase-app.js","auth":"https://www.gstatic.com/firebasejs/8.5.0/firebase-auth.js","database":"https://www.gstatic.com/firebasejs/8.5.0/firebase-database.js","firestore":"https://www.gstatic.com/firebasejs/8.5.0/firebase-firestore.js","functions":"https://www.gstatic.com/firebasejs/8.5.0/firebase-functions.js","installations":"https://www.gstatic.com/firebasejs/8.5.0/firebase-installations.js","messaging":"https://www.gstatic.com/firebasejs/8.5.0/firebase-messaging.js","storage":"https://www.gstatic.com/firebasejs/8.5.0/firebase-storage.js","performance":"https://www.gstatic.com/firebasejs/8.5.0/firebase-performance.js","remote-config":"https://www.gstatic.com/firebasejs/8.5.0/firebase-remote-config.js","firestore.memory":"https://www.gstatic.com/firebasejs/8.5.0/firebase-firestore.memory.js"}}
[info] +  Wrote run build npm/index.html 
[info] 
[info] i  Detected a .git folder at D:\desktop_d\mern\instagram_clone 
[info] i  Authorizing with GitHub to upload your service account to a GitHub repository's secrets store. 
[info] 
[info] Visit this URL on this device to log in:
[info] https://github.com/login/oauth/authorize?client_id=89cf50f02ac6aaed3484&state=243841248&redirect_uri=http%3A%2F%2Flocalhost%3A9005&scope=read%3Auser%20repo%20public_repo
[info] 
[info] Waiting for authentication...
[debug] [2021-05-09T17:34:25.288Z] >>> HTTP REQUEST POST https://github.com/login/oauth/access_token  
 {"client_id":"89cf50f02ac6aaed3484","client_secret":"3330d14abc895d9a74d5f17cd7a00711fa2c5bf0","code":"54f7ed3a268cf12fd591","redirect_uri":"http://localhost:9005","state":"243841248"}
[debug] [2021-05-09T17:34:26.095Z] <<< HTTP RESPONSE 200 {"server":"GitHub.com","date":"Sun, 09 May 2021 17:34:45 GMT","content-type":"application/json; charset=utf-8","transfer-encoding":"chunked","vary":"X-PJAX, Accept-Encoding, Accept, X-Requested-With","permissions-policy":"interest-cohort=()","etag":"W/\"58dd5c642f08ec3997bfece984a162d1\"","cache-control":"max-age=0, private, must-revalidate","strict-transport-security":"max-age=31536000; includeSubdomains; preload","x-frame-options":"deny","x-content-type-options":"nosniff","x-xss-protection":"0","referrer-policy":"origin-when-cross-origin, strict-origin-when-cross-origin","expect-ct":"max-age=2592000, report-uri=\"https://api.github.com/_private/browser/errors\"","content-security-policy":"default-src 'none'; base-uri 'self'; block-all-mixed-content; connect-src 'self' uploads.github.com www.githubstatus.com collector.githubapp.com api.github.com github-cloud.s3.amazonaws.com github-production-repository-file-5c1aeb.s3.amazonaws.com github-production-upload-manifest-file-7fdce7.s3.amazonaws.com github-production-user-asset-6210df.s3.amazonaws.com cdn.optimizely.com logx.optimizely.com/v1/events wss://alive.github.com; font-src github.githubassets.com; form-action 'self' github.com gist.github.com; frame-ancestors 'none'; frame-src render.githubusercontent.com; img-src 'self' data: github.githubassets.com identicons.github.com collector.githubapp.com github-cloud.s3.amazonaws.com secured-user-images.githubusercontent.com/ *.githubusercontent.com; manifest-src 'self'; media-src 'none'; script-src github.githubassets.com; style-src 'unsafe-inline' github.githubassets.com; worker-src github.com/socket-worker-3f088aa2.js gist.github.com/socket-worker-3f088aa2.js","x-github-request-id":"C444:6D9E:CF8017:E2E540:60981D35"}
[debug] [2021-05-09T17:34:26.190Z] >>> [apiv2][query] GET https://api.github.com/user [none]
[debug] [2021-05-09T17:34:27.035Z] <<< [apiv2][status] GET https://api.github.com/user 200
[debug] [2021-05-09T17:34:27.035Z] <<< [apiv2][body] GET https://api.github.com/user {"login":"shipra-gupta-2000","id":52060147,"node_id":"MDQ6VXNlcjUyMDYwMTQ3","avatar_url":"https://avatars.githubusercontent.com/u/52060147?v=4","gravatar_id":"","url":"https://api.github.com/users/shipra-gupta-2000","html_url":"https://github.com/shipra-gupta-2000","followers_url":"https://api.github.com/users/shipra-gupta-2000/followers","following_url":"https://api.github.com/users/shipra-gupta-2000/following{/other_user}","gists_url":"https://api.github.com/users/shipra-gupta-2000/gists{/gist_id}","starred_url":"https://api.github.com/users/shipra-gupta-2000/starred{/owner}{/repo}","subscriptions_url":"https://api.github.com/users/shipra-gupta-2000/subscriptions","organizations_url":"https://api.github.com/users/shipra-gupta-2000/orgs","repos_url":"https://api.github.com/users/shipra-gupta-2000/repos","events_url":"https://api.github.com/users/shipra-gupta-2000/events{/privacy}","received_events_url":"https://api.github.com/users/shipra-gupta-2000/received_events","type":"User","site_admin":false,"name":"Shipra Gupta","company":null,"blog":"","location":null,"email":null,"hireable":null,"bio":"Web-developer ,ML enthusiast","twitter_username":null,"public_repos":8,"public_gists":0,"followers":0,"following":0,"created_at":"2019-06-21T03:37:53Z","updated_at":"2021-05-09T17:34:08Z","private_gists":0,"total_private_repos":5,"owned_private_repos":4,"disk_usage":9821,"collaborators":0,"two_factor_authentication":false,"plan":{"name":"free","space":976562499,"collaborators":0,"private_repos":10000}}
[info] 
[info] +  Success! Logged into GitHub as shipra-gupta-2000 
[info] 
[debug] [2021-05-09T17:35:32.940Z] >>> [apiv2][query] GET https://api.github.com/repos/shipra-gupta-2000/instagram-clone/actions/secrets/public-key type=owner
[debug] [2021-05-09T17:35:33.915Z] <<< [apiv2][status] GET https://api.github.com/repos/shipra-gupta-2000/instagram-clone/actions/secrets/public-key 404
[debug] [2021-05-09T17:35:33.915Z] <<< [apiv2][body] GET https://api.github.com/repos/shipra-gupta-2000/instagram-clone/actions/secrets/public-key {"message":"Not Found","documentation_url":"https://docs.github.com/rest/reference/actions#get-a-repository-public-key"}
[debug] [2021-05-09T17:35:40.160Z] >>> [apiv2][query] GET https://api.github.com/repos//actions/secrets/public-key type=owner
[debug] [2021-05-09T17:35:40.645Z] <<< [apiv2][status] GET https://api.github.com/repos//actions/secrets/public-key 404
[debug] [2021-05-09T17:35:40.645Z] <<< [apiv2][body] GET https://api.github.com/repos//actions/secrets/public-key {"message":"Not Found","documentation_url":"https://docs.github.com/rest"}
[debug] [2021-05-09T17:35:43.486Z] >>> [apiv2][query] GET https://api.github.com/repos//actions/secrets/public-key type=owner
[debug] [2021-05-09T17:35:44.157Z] <<< [apiv2][status] GET https://api.github.com/repos//actions/secrets/public-key 404
[debug] [2021-05-09T17:35:44.157Z] <<< [apiv2][body] GET https://api.github.com/repos//actions/secrets/public-key {"message":"Not Found","documentation_url":"https://docs.github.com/rest"}
